0 info it worked if it ends with ok
1 verbose cli [ 'C:\\Program Files\\nodejs\\node.exe',
1 verbose cli   'C:\\Program Files\\nodejs\\node_modules\\npm\\bin\\npm-cli.js',
1 verbose cli   'start' ]
2 info using npm@3.10.10
3 info using node@v6.11.1
4 verbose run-script [ 'prestart', 'start', 'poststart' ]
5 info lifecycle iotrade-app@1.0.0~prestart: iotrade-app@1.0.0
6 silly lifecycle iotrade-app@1.0.0~prestart: no script for prestart, continuing
7 info lifecycle iotrade-app@1.0.0~start: iotrade-app@1.0.0
8 verbose lifecycle iotrade-app@1.0.0~start: unsafe-perm in lifecycle true
9 verbose lifecycle iotrade-app@1.0.0~start: PATH: C:\Program Files\nodejs\node_modules\npm\bin\node-gyp-bin;C:\Users\luizg\Documents\Github\iotradeServer\node_modules\.bin;C:\Users\luizg\AppData\Roaming\npm;C:\Program Files\nodejs\;C:\ProgramData\Oracle\Java\javapath;C:\Windows\system32;C:\Windows;C:\Windows\System32\Wbem;C:\Windows\System32\WindowsPowerShell\v1.0\;C:\Program Files (x86)\NVIDIA Corporation\PhysX\Common;C:\OpenSplice\HDE\x86_64.win64\bin;C:\OpenSplice\HDE\x86_64.win64\lib;C:\OpenSplice\HDE\x86_64.win64\examples\lib;C:\Program Files\Git\cmd;C:\Program Files (x86)\Skype\Phone\;C:\Program Files\nodejs\;C:\Users\luizg\AppData\Local\Programs\Python\Python36-32\Scripts\;C:\Users\luizg\AppData\Local\Programs\Python\Python36-32\;C:\Users\luizg\AppData\Local\Microsoft\WindowsApps;C:\Program Files\Heroku\bin;C:\Users\luizg\AppData\Roaming\npm
10 verbose lifecycle iotrade-app@1.0.0~start: CWD: C:\Users\luizg\Documents\Github\iotradeServer
11 silly lifecycle iotrade-app@1.0.0~start: Args: [ '/d /s /c', 'node index.js' ]
12 silly lifecycle iotrade-app@1.0.0~start: Returned: code: 1  signal: null
13 info lifecycle iotrade-app@1.0.0~start: Failed to exec start script
14 verbose stack Error: iotrade-app@1.0.0 start: `node index.js`
14 verbose stack Exit status 1
14 verbose stack     at EventEmitter.<anonymous> (C:\Program Files\nodejs\node_modules\npm\lib\utils\lifecycle.js:255:16)
14 verbose stack     at emitTwo (events.js:106:13)
14 verbose stack     at EventEmitter.emit (events.js:191:7)
14 verbose stack     at ChildProcess.<anonymous> (C:\Program Files\nodejs\node_modules\npm\lib\utils\spawn.js:40:14)
14 verbose stack     at emitTwo (events.js:106:13)
14 verbose stack     at ChildProcess.emit (events.js:191:7)
14 verbose stack     at maybeClose (internal/child_process.js:891:16)
14 verbose stack     at Process.ChildProcess._handle.onexit (internal/child_process.js:226:5)
15 verbose pkgid iotrade-app@1.0.0
16 verbose cwd C:\Users\luizg\Documents\Github\iotradeServer
17 error Windows_NT 10.0.14393
18 error argv "C:\\Program Files\\nodejs\\node.exe" "C:\\Program Files\\nodejs\\node_modules\\npm\\bin\\npm-cli.js" "start"
19 error node v6.11.1
20 error npm  v3.10.10
21 error code ELIFECYCLE
22 error iotrade-app@1.0.0 start: `node index.js`
22 error Exit status 1
23 error Failed at the iotrade-app@1.0.0 start script 'node index.js'.
23 error Make sure you have the latest version of node.js and npm installed.
23 error If you do, this is most likely a problem with the iotrade-app package,
23 error not with npm itself.
23 error Tell the author that this fails on your system:
23 error     node index.js
23 error You can get information on how to open an issue for this project with:
23 error     npm bugs iotrade-app
23 error Or if that isn't available, you can get their info via:
23 error     npm owner ls iotrade-app
23 error There is likely additional logging output above.
24 verbose exit [ 1, true ]
